#
# There is insufficient memory for the Java Runtime Environment to continue.
# Native memory allocation (malloc) failed to allocate 11010048 bytes for committing reserved memory.
# Possible reasons:
#   The system is out of physical RAM or swap space
#   In 32 bit mode, the process size limit was hit
# Possible solutions:
#   Reduce memory load on the system
#   Increase physical memory or swap space
#   Check if swap backing store is full
#   Use 64 bit Java on a 64 bit OS
#   Decrease Java heap size (-Xmx/-Xms)
#   Decrease number of Java threads
#   Decrease Java thread stack sizes (-Xss)
#   Set larger code cache with -XX:ReservedCodeCacheSize=
# This output file may be truncated or incomplete.
#
#  Out of Memory Error (os_linux.cpp:2798), pid=3252, tid=3057716032
#
# JRE version:  (7.0_71-b14) (build )
# Java VM: OpenJDK Server VM (24.65-b04 mixed mode linux-x86 )
# Derivative: IcedTea 2.5.3
# Distribution: Custom build (Wed Nov 19 09:07:09 UTC 2014)
# Failed to write core dump. Core dumps have been disabled. To enable core dumping, try "ulimit -c unlimited" before starting Java again
#

---------------  T H R E A D  ---------------

Current thread (0xb6206800):  JavaThread "Unknown thread" [_thread_in_vm, id=3254, stack(0xb63c0000,0xb6411000)]

Stack: [0xb63c0000,0xb6411000]

---------------  P R O C E S S  ---------------

Java Threads: ( => current thread )

Other Threads:

=>0xb6206800 (exited) JavaThread "Unknown thread" [_thread_in_vm, id=3254, stack(0xb63c0000,0xb6411000)]

VM state:not at safepoint (not fully initialized)

VM Mutex/Monitor currently owned by a thread: None

GC Heap History (0 events):
No events

Deoptimization events (0 events):
No events

Internal exceptions (0 events):
No events

Events (0 events):
No events


Dynamic libraries:
08048000-08049000 r-xp 00000000 08:05 300024     /usr/lib/jvm/java-7-openjdk/jre/bin/java
08049000-0804a000 rw-p 00000000 08:05 300024     /usr/lib/jvm/java-7-openjdk/jre/bin/java
09a53000-09a74000 rw-p 00000000 00:00 0          [heap]
8afff000-8b13f000 rw-p 00000000 00:00 0 
8b13f000-8b140000 rw-p 00000000 00:00 0 
8b140000-a8680000 rw-p 00000000 00:00 0 
a9100000-b3140000 rw-p 00000000 00:00 0 
b3140000-b3149000 rw-p 00000000 00:00 0 
b3149000-b3200000 rw-p 00000000 00:00 0 
b3200000-b3440000 rwxp 00000000 00:00 0 
b3440000-b6221000 rw-p 00000000 00:00 0 
b6221000-b6300000 ---p 00000000 00:00 0 
b6388000-b6390000 r-xp 00000000 08:05 299988     /usr/lib/jvm/java-7-openjdk/jre/lib/i386/libzip.so
b6390000-b6391000 rw-p 00007000 08:05 299988     /usr/lib/jvm/java-7-openjdk/jre/lib/i386/libzip.so
b6391000-b63b6000 r-xp 00000000 08:05 299987     /usr/lib/jvm/java-7-openjdk/jre/lib/i386/libjava.so
b63b6000-b63b7000 rw-p 00025000 08:05 299987     /usr/lib/jvm/java-7-openjdk/jre/lib/i386/libjava.so
b63b7000-b63be000 r-xp 00000000 08:05 264933     /usr/lib/librt-2.20.so
b63be000-b63bf000 r--p 00007000 08:05 264933     /usr/lib/librt-2.20.so
b63bf000-b63c0000 rw-p 00008000 08:05 264933     /usr/lib/librt-2.20.so
b63c0000-b63c3000 ---p 00000000 00:00 0 
b63c3000-b6411000 rw-p 00000000 00:00 0          [stack:3254]
b6411000-b642d000 r-xp 00000000 08:05 268206     /usr/lib/libgcc_s.so.1
b642d000-b642e000 rw-p 0001b000 08:05 268206     /usr/lib/libgcc_s.so.1
b642e000-b6479000 r-xp 00000000 08:05 264912     /usr/lib/libm-2.20.so
b6479000-b647a000 r--p 0004a000 08:05 264912     /usr/lib/libm-2.20.so
b647a000-b647b000 rw-p 0004b000 08:05 264912     /usr/lib/libm-2.20.so
b647b000-b6564000 r-xp 00000000 08:05 272018     /usr/lib/libstdc++.so.6.0.20
b6564000-b6568000 r--p 000e9000 08:05 272018     /usr/lib/libstdc++.so.6.0.20
b6568000-b6569000 rw-p 000ed000 08:05 272018     /usr/lib/libstdc++.so.6.0.20
b6569000-b6570000 rw-p 00000000 00:00 0 
b6570000-b70b4000 r-xp 00000000 08:05 300023     /usr/lib/jvm/java-7-openjdk/jre/lib/i386/server/libjvm.so
b70b4000-b711c000 rw-p 00b43000 08:05 300023     /usr/lib/jvm/java-7-openjdk/jre/lib/i386/server/libjvm.so
b711c000-b7539000 rw-p 00000000 00:00 0 
b7539000-b754e000 r-xp 00000000 08:05 267949     /usr/lib/libz.so.1.2.8
b754e000-b754f000 r--p 00014000 08:05 267949     /usr/lib/libz.so.1.2.8
b754f000-b7550000 rw-p 00015000 08:05 267949     /usr/lib/libz.so.1.2.8
b7550000-b7701000 r-xp 00000000 08:05 264913     /usr/lib/libc-2.20.so
b7701000-b7704000 r--p 001b0000 08:05 264913     /usr/lib/libc-2.20.so
b7704000-b7706000 rw-p 001b3000 08:05 264913     /usr/lib/libc-2.20.so
b7706000-b7709000 rw-p 00000000 00:00 0 
b7709000-b770c000 r-xp 00000000 08:05 264829     /usr/lib/libdl-2.20.so
b770c000-b770d000 r--p 00002000 08:05 264829     /usr/lib/libdl-2.20.so
b770d000-b770e000 rw-p 00003000 08:05 264829     /usr/lib/libdl-2.20.so
b770e000-b771a000 r-xp 00000000 08:05 300016     /usr/lib/jvm/java-7-openjdk/jre/lib/i386/jli/libjli.so
b771a000-b771b000 rw-p 0000b000 08:05 300016     /usr/lib/jvm/java-7-openjdk/jre/lib/i386/jli/libjli.so
b771b000-b7733000 r-xp 00000000 08:05 264845     /usr/lib/libpthread-2.20.so
b7733000-b7734000 r--p 00017000 08:05 264845     /usr/lib/libpthread-2.20.so
b7734000-b7735000 rw-p 00018000 08:05 264845     /usr/lib/libpthread-2.20.so
b7735000-b7737000 rw-p 00000000 00:00 0 
b7739000-b7741000 rw-s 00000000 00:1e 42226      /tmp/hsperfdata_nop-90/3252
b7741000-b774d000 r-xp 00000000 08:05 264833     /usr/lib/libnss_files-2.20.so
b774d000-b774e000 r--p 0000b000 08:05 264833     /usr/lib/libnss_files-2.20.so
b774e000-b774f000 rw-p 0000c000 08:05 264833     /usr/lib/libnss_files-2.20.so
b774f000-b7750000 rw-p 00000000 00:00 0 
b7750000-b7751000 r--p 00000000 00:00 0 
b7751000-b775c000 r-xp 00000000 08:05 299986     /usr/lib/jvm/java-7-openjdk/jre/lib/i386/libverify.so
b775c000-b775d000 rw-p 0000b000 08:05 299986     /usr/lib/jvm/java-7-openjdk/jre/lib/i386/libverify.so
b775d000-b775f000 r--p 00000000 00:00 0          [vvar]
b775f000-b7760000 r-xp 00000000 00:00 0          [vdso]
b7760000-b7781000 r-xp 00000000 08:05 264837     /usr/lib/ld-2.20.so
b7781000-b7782000 rw-p 00000000 00:00 0 
b7782000-b7783000 r--p 00021000 08:05 264837     /usr/lib/ld-2.20.so
b7783000-b7784000 rw-p 00022000 08:05 264837     /usr/lib/ld-2.20.so
bf9ec000-bf9ed000 rwxp 00000000 00:00 0 
bfa1f000-bfa40000 rw-p 00000000 00:00 0          [stack]

VM Arguments:
java_command: <unknown>
Launcher Type: SUN_STANDARD

Environment Variables:
CLASSPATH=./bin/../lib/bootstrap.jar:./bin/../lib/extensions.jar:./bin/../lib/util.jar:./bin/../lib/jdom.jar:./bin/../lib/log4j.jar:./bin/../lib/trove4j.jar:./bin/../lib/jna.jar:/usr/lib/jvm/java-7-openjdk/lib/tools.jar
PATH=/usr/local/sbin:/usr/local/bin:/usr/bin:/opt/depot_tools-svn:/usr/lib/jvm/default/bin:/usr/bin/site_perl:/usr/bin/vendor_perl:/usr/bin/core_perl
LD_LIBRARY_PATH=./bin:
SHELL=/bin/bash
DISPLAY=:0.0

Signal Handlers:
SIGSEGV: [libjvm.so+0x7ee3d0], sa_mask[0]=0x7ffbfeff, sa_flags=0x10000004
SIGBUS: [libjvm.so+0x7ee3d0], sa_mask[0]=0x7ffbfeff, sa_flags=0x10000004
SIGFPE: [libjvm.so+0x671250], sa_mask[0]=0x7ffbfeff, sa_flags=0x10000004
SIGPIPE: [libjvm.so+0x671250], sa_mask[0]=0x7ffbfeff, sa_flags=0x10000004
SIGXFSZ: [libjvm.so+0x671250], sa_mask[0]=0x7ffbfeff, sa_flags=0x10000004
SIGILL: [libjvm.so+0x671250], sa_mask[0]=0x7ffbfeff, sa_flags=0x10000004
SIGUSR1: SIG_DFL, sa_mask[0]=0x00000000, sa_flags=0x00000000
SIGUSR2: [libjvm.so+0x6710a0], sa_mask[0]=0x00000004, sa_flags=0x10000004
SIGHUP: SIG_DFL, sa_mask[0]=0x00000000, sa_flags=0x00000000
SIGINT: SIG_DFL, sa_mask[0]=0x00000000, sa_flags=0x00000000
SIGTERM: SIG_DFL, sa_mask[0]=0x00000000, sa_flags=0x00000000
SIGQUIT: SIG_DFL, sa_mask[0]=0x00000000, sa_flags=0x00000000
SIGTRAP: SIG_DFL, sa_mask[0]=0x00000000, sa_flags=0x00000000


---------------  S Y S T E M  ---------------

OS:Linux
uname:Linux 3.17.6-1-ARCH #1 SMP PREEMPT Sun Dec 7 23:58:19 UTC 2014 i686
libc:glibc 2.20 NPTL 2.20 
rlimit: STACK 8192k, CORE 0k, NPROC 16047, NOFILE 4096, AS infinity
load average:20.72 19.04 12.62

/proc/meminfo:
MemTotal:        2058328 kB
MemFree:          117044 kB
MemAvailable:      64896 kB
Buffers:             548 kB
Cached:          1081940 kB
SwapCached:            0 kB
Active:          1737272 kB
Inactive:         149316 kB
Active(anon):    1735764 kB
Inactive(anon):   129148 kB
Active(file):       1508 kB
Inactive(file):    20168 kB
Unevictable:           4 kB
Mlocked:               4 kB
HighTotal:       1178120 kB
HighFree:          15124 kB
LowTotal:         880208 kB
LowFree:          101920 kB
SwapTotal:             0 kB
SwapFree:              0 kB
Dirty:                16 kB
Writeback:            16 kB
AnonPages:        804200 kB
Mapped:            27440 kB
Shmem:           1060716 kB
Slab:              26444 kB
SReclaimable:      13824 kB
SUnreclaim:        12620 kB
KernelStack:        2184 kB
PageTables:         3208 kB
NFS_Unstable:          0 kB
Bounce:                0 kB
WritebackTmp:          0 kB
CommitLimit:     1029164 kB
Committed_AS:    3050956 kB
VmallocTotal:     122880 kB
VmallocUsed:       23544 kB
VmallocChunk:      93740 kB
HardwareCorrupted:     0 kB
AnonHugePages:    163840 kB
HugePages_Total:       0
HugePages_Free:        0
HugePages_Rsvd:        0
HugePages_Surp:        0
Hugepagesize:       4096 kB
DirectMap4k:       32760 kB
DirectMap4M:      876544 kB


CPU:total 2 (2 cores per cpu, 1 threads per core) family 6 model 14 stepping 12, cmov, cx8, fxsr, mmx, sse, sse2, sse3, tsc

/proc/cpuinfo:
processor	: 0
vendor_id	: GenuineIntel
cpu family	: 6
model		: 14
model name	: Genuine Intel(R) CPU           T2080  @ 1.73GHz
stepping	: 12
microcode	: 0x5b
cpu MHz		: 800.000
cache size	: 1024 KB
physical id	: 0
siblings	: 2
core id		: 0
cpu cores	: 2
apicid		: 0
initial apicid	: 0
fdiv_bug	: no
f00f_bug	: no
coma_bug	: no
fpu		: yes
fpu_exception	: yes
cpuid level	: 10
wp		: yes
flags		: fpu vme de pse tsc msr pae mce cx8 apic sep mtrr pge mca cmov clflush dts acpi mmx fxsr sse sse2 ss ht tm pbe constant_tsc arch_perfmon bts aperfmperf pni monitor est tm2 xtpr pdcm dtherm
bugs		:
bogomips	: 3459.80
clflush size	: 64
cache_alignment	: 64
address sizes	: 32 bits physical, 32 bits virtual
power management:

processor	: 1
vendor_id	: GenuineIntel
cpu family	: 6
model		: 14
model name	: Genuine Intel(R) CPU           T2080  @ 1.73GHz
stepping	: 12
microcode	: 0x5b
cpu MHz		: 800.000
cache size	: 1024 KB
physical id	: 0
siblings	: 2
core id		: 1
cpu cores	: 2
apicid		: 1
initial apicid	: 1
fdiv_bug	: no
f00f_bug	: no
coma_bug	: no
fpu		: yes
fpu_exception	: yes
cpuid level	: 10
wp		: yes
flags		: fpu vme de pse tsc msr pae mce cx8 apic sep mtrr pge mca cmov clflush dts acpi mmx fxsr sse sse2 ss ht tm pbe constant_tsc arch_perfmon bts aperfmperf pni monitor est tm2 xtpr pdcm dtherm
bugs		:
bogomips	: 3459.80
clflush size	: 64
cache_alignment	: 64
address sizes	: 32 bits physical, 32 bits virtual
power management:



Memory: 4k page, physical 2058328k(117044k free), swap 0k(0k free)

vm_info: OpenJDK Server VM (24.65-b04) for linux-x86 JRE (1.7.0_71-b14), built on Nov 19 2014 09:10:09 by "builduser" with gcc 4.9.2

time: Wed Dec 24 20:49:27 2014
elapsed time: 32 seconds

